2026-03-04 18:04:36,006 [INFO] ============================================================
2026-03-04 18:04:36,006 [INFO]   TikTok Scheduler запущен
2026-03-04 18:04:36,006 [INFO]   Цикл каждые 24 часа
2026-03-04 18:04:36,006 [INFO]   Видео в цикле: 2 (по 3 клипа = 6 клипов/день)
2026-03-04 18:04:36,007 [INFO]   Тема: Комплексы парней
2026-03-04 18:04:36,007 [INFO]   Управление темой: /settopic в Telegram-боте
2026-03-04 18:04:36,007 [INFO] ============================================================
2026-03-04 18:04:36,018 [INFO] Bot polling запущен.
2026-03-04 18:04:36,019 [INFO] Telegram-бот запущен в фоне.
2026-03-04 18:04:36,019 [INFO] ============================================================
2026-03-04 18:04:36,019 [INFO] НОВЫЙ ЦИКЛ | 2026-03-04 18:04:36
2026-03-04 18:04:36,020 [INFO] ============================================================
2026-03-04 18:04:37,077 [INFO] [Видео 1] Тема: «Комплексы парней»
2026-03-04 18:04:37,079 [INFO] [Видео 1] Ищу видео по теме...
2026-03-04 18:04:37,083 [INFO] file_cache is only supported with oauth2client<4.0.0
2026-03-04 18:04:37,340 [INFO] file_cache is only supported with oauth2client<4.0.0
2026-03-04 18:04:37,589 [INFO] file_cache is only supported with oauth2client<4.0.0
2026-03-04 18:04:38,069 [INFO] file_cache is only supported with oauth2client<4.0.0
2026-03-04 18:04:38,307 [INFO] file_cache is only supported with oauth2client<4.0.0
2026-03-04 18:04:38,805 [INFO] file_cache is only supported with oauth2client<4.0.0
2026-03-04 18:04:39,045 [INFO] [Видео 1] Выбрано: «Что парням ВТАЙНЕ нравится в девушках? 🤫» (2,496,787 views)
2026-03-04 18:04:39,045 [INFO] [Видео 1] Скачиваю аудио...
2026-03-04 18:05:06,909 [INFO] HTTP Request: POST https://api.telegram.org/bot8614998735:AAFQk4om8dECnI3FR8r1mpnUgrz0ujUBnRM/getUpdates "HTTP/1.1 200 OK"
2026-03-04 18:05:39,230 [INFO] HTTP Request: POST https://api.telegram.org/bot8614998735:AAFQk4om8dECnI3FR8r1mpnUgrz0ujUBnRM/getUpdates "HTTP/1.1 200 OK"
2026-03-04 18:06:11,541 [INFO] HTTP Request: POST https://api.telegram.org/bot8614998735:AAFQk4om8dECnI3FR8r1mpnUgrz0ujUBnRM/getUpdates "HTTP/1.1 200 OK"
2026-03-04 18:06:43,843 [INFO] HTTP Request: POST https://api.telegram.org/bot8614998735:AAFQk4om8dECnI3FR8r1mpnUgrz0ujUBnRM/getUpdates "HTTP/1.1 200 OK"
2026-03-04 18:12:41,915 [INFO] ============================================================
2026-03-04 18:12:41,915 [INFO]   TikTok Scheduler запущен
2026-03-04 18:12:41,915 [INFO]   Цикл каждые 24 часа
2026-03-04 18:12:41,915 [INFO]   Видео в цикле: 2 (по 3 клипа = 6 клипов/день)
2026-03-04 18:12:41,915 [INFO]   Тема: Комплексы парней
2026-03-04 18:12:41,915 [INFO]   Управление темой: /settopic в Telegram-боте
2026-03-04 18:12:41,915 [INFO] ============================================================
2026-03-04 18:12:41,929 [INFO] Bot polling запущен.
2026-03-04 18:12:41,929 [INFO] Telegram-бот запущен в фоне.
2026-03-04 18:12:41,929 [INFO] ============================================================
2026-03-04 18:12:41,930 [INFO] НОВЫЙ ЦИКЛ | 2026-03-04 18:12:41
2026-03-04 18:12:41,930 [INFO] ============================================================
2026-03-04 18:12:42,875 [INFO] Тема: «Комплексы парней»
2026-03-04 18:12:42,875 [INFO] Ищу 2 видео для цикла...
2026-03-04 18:12:42,881 [INFO] file_cache is only supported with oauth2client<4.0.0
2026-03-04 18:12:43,153 [INFO] file_cache is only supported with oauth2client<4.0.0
2026-03-04 18:12:43,392 [INFO] file_cache is only supported with oauth2client<4.0.0
2026-03-04 18:12:43,926 [INFO] file_cache is only supported with oauth2client<4.0.0
2026-03-04 18:12:44,149 [INFO] file_cache is only supported with oauth2client<4.0.0
2026-03-04 18:12:44,620 [INFO] file_cache is only supported with oauth2client<4.0.0
2026-03-04 18:12:44,874 [INFO]   [1/2] «НЕОЧЕВИДНЫЕ СОВЕТЫ парням по УХОДУ ЗА СОБОЙ #апвоут #реддит #апвоутистории» (2,324,036 views)
2026-03-04 18:12:44,874 [INFO]   [2/2] «&quot;Я не встречаюсь с низкими парнями!&quot; Как ответить на такое? #апвоут #реддит #апвоутистории» (2,322,237 views)
2026-03-04 18:12:44,874 [INFO] Выбрано 2 видео. Начинаю обработку...
2026-03-04 18:12:44,880 [INFO] [Видео 1] ⬇ Скачиваю аудио: https://www.youtube.com/watch?v=NVAIybe_rWI
2026-03-04 18:15:20,753 [ERROR] [Видео 1] Не удалось скачать аудио!
2026-03-04 18:15:20,757 [INFO] [Видео 2] ⬇ Скачиваю аудио: https://www.youtube.com/watch?v=sBiB7_FvXXU
2026-03-04 18:16:00,849 [INFO] Остановка по Ctrl+C.
2026-03-04 18:35:42,007 [INFO] ============================================================
2026-03-04 18:35:42,007 [INFO]   TikTok Scheduler запущен
2026-03-04 18:35:42,009 [INFO]   Цикл каждые 24 часа
2026-03-04 18:35:42,009 [INFO]   Видео в цикле: 2 (по 3 клипа = 6 клипов/день)
2026-03-04 18:35:42,009 [INFO]   Тема: Комплексы парней
2026-03-04 18:35:42,009 [INFO]   Управление темой: /settopic в Telegram-боте
2026-03-04 18:35:42,010 [INFO] ============================================================
2026-03-04 18:35:42,018 [INFO] Bot polling запущен.
2026-03-04 18:35:42,018 [INFO] Telegram-бот запущен в фоне.
2026-03-04 18:35:42,018 [INFO] ============================================================
2026-03-04 18:35:42,019 [INFO] НОВЫЙ ЦИКЛ | 2026-03-04 18:35:42
2026-03-04 18:35:42,019 [INFO] ============================================================
2026-03-04 18:35:42,909 [INFO] Тема: «Комплексы парней»
2026-03-04 18:35:42,909 [INFO] Ищу 2 видео для цикла...
2026-03-04 18:35:44,860 [INFO]   [1/2] «ВРАЧИ РАСКРЫВАЮТ СЕКРЕТЫ НАШИХ ТЕЛ» (2,239,296 views)
2026-03-04 18:35:44,860 [INFO]   [2/2] «Мои любимые ПАРАДОКСЫ! #апвоут #реддит #апвоутистории» (2,037,840 views)
2026-03-04 18:35:44,860 [INFO] Выбрано 2 видео. Начинаю обработку...
2026-03-04 18:35:44,870 [INFO] [Видео 1] ⬇ Скачиваю аудио: https://www.youtube.com/watch?v=WR6FDCHHB2g
2026-03-04 18:35:47,290 [ERROR] [Видео 1] Не удалось скачать аудио!
2026-03-04 18:35:47,296 [INFO] [Видео 2] ⬇ Скачиваю аудио: https://www.youtube.com/watch?v=mcGrMZ8h4dU
2026-03-04 18:35:49,224 [INFO] Остановка по Ctrl+C.
2026-03-04 18:43:44,357 [INFO] ============================================================
2026-03-04 18:43:44,357 [INFO]   TikTok Scheduler запущен
2026-03-04 18:43:44,357 [INFO]   Цикл каждые 24 часа
2026-03-04 18:43:44,357 [INFO]   Видео в цикле: 2 (по 3 клипа = 6 клипов/день)
2026-03-04 18:43:44,357 [INFO]   Тема: Комплексы парней
2026-03-04 18:43:44,357 [INFO]   Управление темой: /settopic в Telegram-боте
2026-03-04 18:43:44,357 [INFO] ============================================================
2026-03-04 18:43:44,366 [INFO] Bot polling запущен.
2026-03-04 18:43:44,366 [INFO] Telegram-бот запущен в фоне.
2026-03-04 18:43:44,368 [INFO] ============================================================
2026-03-04 18:43:44,368 [INFO] НОВЫЙ ЦИКЛ | 2026-03-04 18:43:44
2026-03-04 18:43:44,368 [INFO] ============================================================
2026-03-04 18:43:45,585 [INFO] Тема: «Комплексы парней»
2026-03-04 18:43:45,585 [INFO] Ищу 2 видео для цикла...
2026-03-04 18:43:47,584 [INFO]   [1/2] «ПАРНИ, ЧТО ДЕВУШКИ НАПРАСНО СЧИТАЮТ НЕПРИВЛЕКАТЕЛЬНЫМ В СЕБЕ?» (1,811,445 views)
2026-03-04 18:43:47,585 [INFO]   [2/2] «ТУПЕЙШИЕ ПОСТУПКИ БЫВШИХ В НАДЕЖДЕ ВЕРНУТЬ ВАС?» (1,798,400 views)
2026-03-04 18:43:47,585 [INFO] Выбрано 2 видео. Начинаю обработку...
2026-03-04 18:43:47,593 [INFO] [Видео 1] ⬇ Скачиваю аудио: https://www.youtube.com/watch?v=DohgV3IgFlk
2026-03-04 18:44:05,586 [INFO] [Видео 1] AI выбрал фон: glass_cleaning
2026-03-04 18:44:05,590 [INFO] [Видео 1] ⚙ Обрабатываю (3 клипа × 60 сек)...
2026-03-04 18:44:13,748 [INFO] Processing audio with duration 00:59.989
2026-03-04 18:44:35,060 [INFO] Processing audio with duration 00:59.989
2026-03-04 18:44:55,583 [INFO] Processing audio with duration 00:59.989
2026-03-04 18:45:45,316 [INFO] Отправляю 3 клипов в Telegram...
2026-03-04 18:45:57,946 [INFO] Отправлено 3/3 клипов.
2026-03-04 18:45:57,965 [INFO] [Видео 2] ⬇ Скачиваю аудио: https://www.youtube.com/watch?v=r4QNeyQrgmc
2026-03-04 18:46:20,684 [INFO] [Видео 2] AI выбрал фон: glass_cleaning
2026-03-04 18:46:20,685 [INFO] [Видео 2] ⚙ Обрабатываю (3 клипа × 60 сек)...
2026-03-04 18:46:22,634 [INFO] Processing audio with duration 00:59.989
2026-03-04 18:46:49,816 [INFO] Processing audio with duration 00:59.989
2026-03-04 18:47:14,239 [INFO] Processing audio with duration 00:59.989
2026-03-04 18:48:08,053 [INFO] Отправляю 3 клипов в Telegram...
2026-03-04 18:48:20,807 [INFO] Отправлено 3/3 клипов.
2026-03-04 18:48:20,823 [INFO] Цикл завершён. Отправлено клипов: 6
2026-03-04 18:48:20,823 [INFO] Следующий цикл в 2026-03-05 18:43:44 (через 23.9ч)
2026-03-04 18:48:26,830 [INFO] Остановка по Ctrl+C.
